08:57:40 **** Incremental Build of configuration Debug for project Day7_Control_Flow_Assignments ****
Info: Internal Builder is used for build
g++ -std=c++1y -O0 -g3 -Wall -c -fmessage-length=0 -Wall -Werror=return-type -o "myCode\\main.o" "..\\myCode\\main.cpp" 
g++ -o Day7_Control_Flow_Assignments.exe "myCode\\main.o" 
Info: Nothing to build for Day7_Control_Flow_Assignments
Info: Nothing to build for Day7_Control_Flow_Assignments
Info: Nothing to build for Day7_Control_Flow_Assignments
Info: Nothing to build for Day7_Control_Flow_Assignments
11:45:54 **** Incremental Build of configuration Debug for project Day7_Control_Flow_Assignments ****
Info: Internal Builder is used for build
g++ -std=c++1y -O0 -g3 -Wall -c -fmessage-length=0 -Wall -Werror=return-type -o "myCode\\main.o" "..\\myCode\\main.cpp" 
..\myCode\main.cpp: In function 'int main()':
..\myCode\main.cpp:90:19: warning: unused variable 'count' [-Wunused-variable]
   90 |         const int count = 10;
      |                   ^~~~~
g++ -o Day7_Control_Flow_Assignments.exe "myCode\\main.o" 
11:46:15 **** Incremental Build of configuration Debug for project Day7_Control_Flow_Assignments ****
Info: Internal Builder is used for build
g++ -std=c++1y -O0 -g3 -Wall -c -fmessage-length=0 -Wall -Werror=return-type -o "myCode\\main.o" "..\\myCode\\main.cpp" 
g++ -o Day7_Control_Flow_Assignments.exe "myCode\\main.o" 
Info: Nothing to build for Day7_Control_Flow_Assignments
11:46:30 **** Incremental Build of configuration Debug for project Day7_Control_Flow_Assignments ****
Info: Internal Builder is used for build
g++ -std=c++1y -O0 -g3 -Wall -c -fmessage-length=0 -Wall -Werror=return-type -o "myCode\\main.o" "..\\myCode\\main.cpp" 
g++ -o Day7_Control_Flow_Assignments.exe "myCode\\main.o" 
